<?xml version="1.0" encoding="UTF-8"?>
<!-- Generated by org.testng.reporters.JUnitXMLReporter -->
<testsuite hostname="Vinderz-Desktop" ignored="0" name="Default test" tests="7" failures="0" timestamp="2022-04-01T09:32:12 EDT" time="25.133" errors="0">
  <testcase name="doLoginTest" time="6.585" classname="com.qa.linkedin.testcases.SearchDataDrivenTest"/>
  <testcase name="dosearchPeopleTest" time="2.718" classname="com.qa.linkedin.testcases.SearchDataDrivenTest"/>
  <testcase name="dosearchPeopleTest" time="2.713" classname="com.qa.linkedin.testcases.SearchDataDrivenTest"/>
  <testcase name="dosearchPeopleTest" time="2.796" classname="com.qa.linkedin.testcases.SearchDataDrivenTest"/>
  <testcase name="dosearchPeopleTest" time="2.918" classname="com.qa.linkedin.testcases.SearchDataDrivenTest"/>
  <testcase name="dosearchPeopleTest" time="2.752" classname="com.qa.linkedin.testcases.SearchDataDrivenTest"/>
  <testcase name="dosearchPeopleTest" time="2.941" classname="com.qa.linkedin.testcases.SearchDataDrivenTest"/>
</testsuite> <!-- Default test -->
