<?xml version="1.0" encoding="UTF-8"?>
<testng-results skipped="0" failed="0" ignored="0" total="7" passed="7">
  <reporter-output>
  </reporter-output>
  <suite name="Default suite" duration-ms="25133" started-at="2022-04-01T09:31:47 EDT" finished-at="2022-04-01T09:32:12 EDT">
    <groups>
    </groups>
    <test name="Default test" duration-ms="25133" started-at="2022-04-01T09:31:47 EDT" finished-at="2022-04-01T09:32:12 EDT">
      <class name="com.qa.linkedin.testcases.SearchDataDrivenTest">
        <test-method status="PASS" signature="setup()[pri:0, instance:com.qa.linkedin.testcases.SearchDataDrivenTest@57f23557]" name="setup" is-config="true" duration-ms="4175" started-at="2022-04-01T09:31:43 EDT" finished-at="2022-04-01T09:31:47 EDT">
          <reporter-output>
          </reporter-output>
        </test-method> <!-- setup -->
        <test-method status="PASS" signature="intializeObjects()[pri:0, instance:com.qa.linkedin.testcases.SearchDataDrivenTest@57f23557]" name="intializeObjects" is-config="true" duration-ms="187" started-at="2022-04-01T09:31:47 EDT" finished-at="2022-04-01T09:31:48 EDT">
          <reporter-output>
          </reporter-output>
        </test-method> <!-- intializeObjects -->
        <test-method status="PASS" signature="doLoginTest()[pri:1, instance:com.qa.linkedin.testcases.SearchDataDrivenTest@57f23557]" name="doLoginTest" duration-ms="6585" started-at="2022-04-01T09:31:48 EDT" finished-at="2022-04-01T09:31:54 EDT">
          <reporter-output>
          </reporter-output>
        </test-method> <!-- doLoginTest -->
        <test-method status="PASS" signature="dosearchPeopleTest(java.lang.String)[pri:2, instance:com.qa.linkedin.testcases.SearchDataDrivenTest@57f23557]" name="dosearchPeopleTest" duration-ms="2718" started-at="2022-04-01T09:31:55 EDT" data-provider="dp" finished-at="2022-04-01T09:31:58 EDT">
          <params>
            <param index="0">
              <value>
                <![CDATA[Rajesh]]>
              </value>
            </param>
          </params>
          <reporter-output>
          </reporter-output>
        </test-method> <!-- dosearchPeopleTest -->
        <test-method status="PASS" signature="dosearchPeopleTest(java.lang.String)[pri:2, instance:com.qa.linkedin.testcases.SearchDataDrivenTest@57f23557]" name="dosearchPeopleTest" duration-ms="2713" started-at="2022-04-01T09:31:58 EDT" data-provider="dp" finished-at="2022-04-01T09:32:00 EDT">
          <params>
            <param index="0">
              <value>
                <![CDATA[Sreedevi]]>
              </value>
            </param>
          </params>
          <reporter-output>
          </reporter-output>
        </test-method> <!-- dosearchPeopleTest -->
        <test-method status="PASS" signature="dosearchPeopleTest(java.lang.String)[pri:2, instance:com.qa.linkedin.testcases.SearchDataDrivenTest@57f23557]" name="dosearchPeopleTest" duration-ms="2796" started-at="2022-04-01T09:32:00 EDT" data-provider="dp" finished-at="2022-04-01T09:32:03 EDT">
          <params>
            <param index="0">
              <value>
                <![CDATA[Ramesh]]>
              </value>
            </param>
          </params>
          <reporter-output>
          </reporter-output>
        </test-method> <!-- dosearchPeopleTest -->
        <test-method status="PASS" signature="dosearchPeopleTest(java.lang.String)[pri:2, instance:com.qa.linkedin.testcases.SearchDataDrivenTest@57f23557]" name="dosearchPeopleTest" duration-ms="2918" started-at="2022-04-01T09:32:03 EDT" data-provider="dp" finished-at="2022-04-01T09:32:06 EDT">
          <params>
            <param index="0">
              <value>
                <![CDATA[Raja]]>
              </value>
            </param>
          </params>
          <reporter-output>
          </reporter-output>
        </test-method> <!-- dosearchPeopleTest -->
        <test-method status="PASS" signature="dosearchPeopleTest(java.lang.String)[pri:2, instance:com.qa.linkedin.testcases.SearchDataDrivenTest@57f23557]" name="dosearchPeopleTest" duration-ms="2752" started-at="2022-04-01T09:32:06 EDT" data-provider="dp" finished-at="2022-04-01T09:32:09 EDT">
          <params>
            <param index="0">
              <value>
                <![CDATA[Sunita]]>
              </value>
            </param>
          </params>
          <reporter-output>
          </reporter-output>
        </test-method> <!-- dosearchPeopleTest -->
        <test-method status="PASS" signature="dosearchPeopleTest(java.lang.String)[pri:2, instance:com.qa.linkedin.testcases.SearchDataDrivenTest@57f23557]" name="dosearchPeopleTest" duration-ms="2941" started-at="2022-04-01T09:32:09 EDT" data-provider="dp" finished-at="2022-04-01T09:32:12 EDT">
          <params>
            <param index="0">
              <value>
                <![CDATA[Neha]]>
              </value>
            </param>
          </params>
          <reporter-output>
          </reporter-output>
        </test-method> <!-- dosearchPeopleTest -->
        <test-method status="PASS" signature="logoutTest()[pri:0, instance:com.qa.linkedin.testcases.SearchDataDrivenTest@57f23557]" name="logoutTest" is-config="true" duration-ms="591" started-at="2022-04-01T09:32:12 EDT" finished-at="2022-04-01T09:32:12 EDT">
          <reporter-output>
          </reporter-output>
        </test-method> <!-- logoutTest -->
        <test-method status="PASS" signature="afterClass()[pri:0, instance:com.qa.linkedin.testcases.SearchDataDrivenTest@57f23557]" name="afterClass" is-config="true" duration-ms="739" started-at="2022-04-01T09:32:12 EDT" finished-at="2022-04-01T09:32:13 EDT">
          <reporter-output>
          </reporter-output>
        </test-method> <!-- afterClass -->
      </class> <!-- com.qa.linkedin.testcases.SearchDataDrivenTest -->
    </test> <!-- Default test -->
  </suite> <!-- Default suite -->
</testng-results>
